<?xml version="1.0" encoding="UTF-8"?>
<!-- Generated by org.testng.reporters.JUnitReportReporter -->
<testsuite hostname="DESKTOP-Q9Q1OUP" failures="0" tests="1" name="Tests.EpicentrTest" time="4.588" errors="0" timestamp="2022-08-19T10:04:38 EEST" skipped="0">
  <testcase classname="Tests.EpicentrTest" name="testName" time="4.588"/>
  <system-out/>
</testsuite> <!-- Tests.EpicentrTest -->
